Array
(
    [nivel] => Array
        (
            [0] => Baixo
        )

    [observacao] => Array
        (
            [0] => AMA
        )

    [volume] => Array
        (
            [0] => 200
        )

    [transbordo] => Array
        (
            [0] => Sim
        )

    [arquivos] => Array
        (
            [0] => maos_importancia.jpg
        )

)

KEY: 0
Array
(
    [nivel] => Baixo
    [observacao] => AMA
    [volume] => 200
    [transbordo] => Sim
    [arquivo] => maos_importancia.jpg
)
